c:\users\dell\desktop\gitlb\librarysystem\x64\release\vc142.pdb
c:\users\dell\desktop\gitlb\librarysystem\x64\release\usersignup.obj
c:\users\dell\desktop\gitlb\librarysystem\x64\release\txtparser.obj
c:\users\dell\desktop\gitlb\librarysystem\x64\release\txtantiparser.obj
c:\users\dell\desktop\gitlb\librarysystem\x64\release\printbookdata.obj
c:\users\dell\desktop\gitlb\librarysystem\x64\release\librarysystem.obj
c:\users\dell\desktop\gitlb\librarysystem\x64\release\initialize.obj
c:\users\dell\desktop\gitlb\librarysystem\x64\release\findbook.obj
c:\users\dell\desktop\gitlb\librarysystem\x64\release\deletebookdata.obj
c:\users\dell\desktop\gitlb\librarysystem\x64\release\datastructure.obj
c:\users\dell\desktop\gitlb\librarysystem\x64\release\borrowbook.obj
c:\users\dell\desktop\gitlb\librarysystem\x64\release\adminlogin.obj
c:\users\dell\desktop\gitlb\librarysystem\x64\release\addbook.obj
c:\users\dell\desktop\gitlb\librarysystem\x64\release\librarysystem.ipdb
c:\users\dell\desktop\gitlb\librarysystem\x64\release\librarysystem.iobj
c:\users\dell\desktop\gitlb\librarysystem\x64\release\librarysystem.exe
c:\users\dell\desktop\gitlb\librarysystem\x64\release\librarysystem.pdb
c:\users\dell\desktop\gitlb\librarysystem\x64\release\librarysystem.tlog\cl.command.1.tlog
c:\users\dell\desktop\gitlb\librarysystem\x64\release\librarysystem.tlog\cl.read.1.tlog
c:\users\dell\desktop\gitlb\librarysystem\x64\release\librarysystem.tlog\cl.write.1.tlog
c:\users\dell\desktop\gitlb\librarysystem\x64\release\librarysystem.tlog\librarysystem.write.1u.tlog
c:\users\dell\desktop\gitlb\librarysystem\x64\release\librarysystem.tlog\link.command.1.tlog
c:\users\dell\desktop\gitlb\librarysystem\x64\release\librarysystem.tlog\link.read.1.tlog
c:\users\dell\desktop\gitlb\librarysystem\x64\release\librarysystem.tlog\link.write.1.tlog
